  [1m[35m (249.8ms)[0m  [1m[35mCREATE DATABASE "http_cats_development" ENCODING = 'unicode'[0m
  ↳ bin/rails:9
  [1m[35m (136.8ms)[0m  [1m[35mCREATE DATABASE "http_cats_test" ENCODING = 'unicode'[0m
  ↳ bin/rails:9
  [1m[35m (41.8ms)[0m  [1m[35mCREATE TABLE "schema_migrations" ("version" character varying NOT NULL PRIMARY KEY)[0m
  ↳ bin/rails:9
  [1m[35m (23.3ms)[0m  [1m[35mCREATE TABLE "ar_internal_metadata" ("key" character varying NOT NULL PRIMARY KEY, "value" character varying, "created_at" timestamp NOT NULL, "updated_at" timestamp NOT NULL)[0m
  ↳ bin/rails:9
  [1m[35m (1.5ms)[0m  [1m[34mSELECT pg_try_advisory_lock(5809936294523960340)[0m
  ↳ bin/rails:9
  [1m[35m (0.8ms)[0m  [1m[34mSELECT "schema_migrations"."version" FROM "schema_migrations" ORDER BY "schema_migrations"."version" ASC[0m
  ↳ bin/rails:9
Migrating to CreateCats (20200424180538)
  [1m[35m (0.4ms)[0m  [1m[35mBEGIN[0m
  ↳ bin/rails:9
  [1m[35m (42.7ms)[0m  [1m[35mCREATE TABLE "cats" ("id" bigserial primary key, "birth_date" date NOT NULL, "color" character varying, "name" character varying, "sex" character varying(1) NOT NULL, "description" text, "created_at" timestamp NOT NULL, "updated_at" timestamp NOT NULL)[0m
  ↳ db/migrate/20200424180538_create_cats.rb:3
  [1m[35m (8.6ms)[0m  [1m[35mCREATE  INDEX  "index_cats_on_name" ON "cats"  ("name")[0m
  ↳ db/migrate/20200424180538_create_cats.rb:12
  [1m[36mActiveRecord::SchemaMigration Create (12.2ms)[0m  [1m[32mINSERT INTO "schema_migrations" ("version") VALUES ($1) RETURNING "version"[0m  [["version", "20200424180538"]]
  ↳ bin/rails:9
  [1m[35m (5.8ms)[0m  [1m[35mCOMMIT[0m
  ↳ bin/rails:9
  [1m[36mActiveRecord::InternalMetadata Load (0.4ms)[0m  [1m[34mSELECT  "ar_internal_metadata".* FROM "ar_internal_metadata" WHERE "ar_internal_metadata"."key" = $1 LIMIT $2[0m  [["key", "environment"], ["LIMIT", 1]]
  ↳ bin/rails:9
  [1m[35m (0.2ms)[0m  [1m[35mBEGIN[0m
  ↳ bin/rails:9
  [1m[36mActiveRecord::InternalMetadata Create (0.6ms)[0m  [1m[32mINSERT INTO "ar_internal_metadata" ("key", "value", "created_at", "updated_at") VALUES ($1, $2, $3, $4) RETURNING "key"[0m  [["key", "environment"], ["value", "development"], ["created_at", "2020-04-24 18:13:19.366324"], ["updated_at", "2020-04-24 18:13:19.366324"]]
  ↳ bin/rails:9
  [1m[35m (5.7ms)[0m  [1m[35mCOMMIT[0m
  ↳ bin/rails:9
  [1m[35m (0.4ms)[0m  [1m[34mSELECT pg_advisory_unlock(5809936294523960340)[0m
  ↳ bin/rails:9
  [1m[35m (0.4ms)[0m  [1m[34mSELECT "schema_migrations"."version" FROM "schema_migrations" ORDER BY "schema_migrations"."version" ASC[0m
  ↳ bin/rails:9
Started GET "/cats" for 127.0.0.1 at 2020-04-24 14:39:27 -0400
  [1m[35m (17.3ms)[0m  [1m[34mSELECT "schema_migrations"."version" FROM "schema_migrations" ORDER BY "schema_migrations"."version" ASC[0m
  ↳ /Users/davidcohen/.rbenv/versions/2.5.1/lib/ruby/gems/2.5.0/gems/activerecord-5.2.4.2/lib/active_record/log_subscriber.rb:98
Processing by CatsController#index as HTML
  Rendering cats/index.html.erb within layouts/application
  [1m[36mCat Load (101.4ms)[0m  [1m[34mSELECT "cats".* FROM "cats"[0m
  ↳ app/views/cats/index.html.erb:4
  Rendered cats/index.html.erb within layouts/application (179.4ms)
Completed 200 OK in 1977ms (Views: 1760.7ms | ActiveRecord: 133.1ms)


Started GET "/cats" for ::1 at 2020-04-24 14:40:02 -0400
Processing by CatsController#index as HTML
  Rendering cats/index.html.erb within layouts/application
  [1m[36mCat Load (25.2ms)[0m  [1m[34mSELECT "cats".* FROM "cats"[0m
  ↳ app/views/cats/index.html.erb:4
  Rendered cats/index.html.erb within layouts/application (28.6ms)
Completed 200 OK in 92ms (Views: 65.5ms | ActiveRecord: 25.2ms)


  [1m[35m (1.0ms)[0m  [1m[34mSELECT "schema_migrations"."version" FROM "schema_migrations" ORDER BY "schema_migrations"."version" ASC[0m
  ↳ bin/rails:9
  [1m[35m (0.2ms)[0m  [1m[35mBEGIN[0m
  ↳ db/seeds.rb:10
  [1m[36mCat Create (3.2ms)[0m  [1m[32mINSERT INTO "cats" ("birth_date", "color", "name", "sex", "created_at", "updated_at") VALUES ($1, $2, $3, $4, $5, $6) RETURNING "id"[0m  [["birth_date", "2015-01-20"], ["color", "orange"], ["name", "Tabby"], ["sex", "M"], ["created_at", "2020-04-24 18:44:38.737677"], ["updated_at", "2020-04-24 18:44:38.737677"]]
  ↳ db/seeds.rb:10
  [1m[35m (1.4ms)[0m  [1m[35mCOMMIT[0m
  ↳ db/seeds.rb:10
  [1m[35m (0.2ms)[0m  [1m[35mBEGIN[0m
  ↳ db/seeds.rb:11
  [1m[36mCat Create (0.5ms)[0m  [1m[32mINSERT INTO "cats" ("birth_date", "color", "name", "sex", "created_at", "updated_at") VALUES ($1, $2, $3, $4, $5, $6) RETURNING "id"[0m  [["birth_date", "2011-03-10"], ["color", "black"], ["name", "Oscar"], ["sex", "M"], ["created_at", "2020-04-24 18:44:38.745297"], ["updated_at", "2020-04-24 18:44:38.745297"]]
  ↳ db/seeds.rb:11
  [1m[35m (1.3ms)[0m  [1m[35mCOMMIT[0m
  ↳ db/seeds.rb:11
  [1m[35m (0.1ms)[0m  [1m[35mBEGIN[0m
  ↳ db/seeds.rb:12
  [1m[36mCat Create (0.5ms)[0m  [1m[32mINSERT INTO "cats" ("birth_date", "color", "name", "sex", "created_at", "updated_at") VALUES ($1, $2, $3, $4, $5, $6) RETURNING "id"[0m  [["birth_date", "2002-05-26"], ["color", "white"], ["name", "Furry"], ["sex", "F"], ["created_at", "2020-04-24 18:44:38.749285"], ["updated_at", "2020-04-24 18:44:38.749285"]]
  ↳ db/seeds.rb:12
  [1m[35m (1.3ms)[0m  [1m[35mCOMMIT[0m
  ↳ db/seeds.rb:12
  [1m[35m (0.2ms)[0m  [1m[35mBEGIN[0m
  ↳ db/seeds.rb:13
  [1m[36mCat Create (0.4ms)[0m  [1m[32mINSERT INTO "cats" ("birth_date", "color", "name", "sex", "created_at", "updated_at") VALUES ($1, $2, $3, $4, $5, $6) RETURNING "id"[0m  [["birth_date", "2007-08-10"], ["color", "black"], ["name", "Vader"], ["sex", "M"], ["created_at", "2020-04-24 18:44:38.753298"], ["updated_at", "2020-04-24 18:44:38.753298"]]
  ↳ db/seeds.rb:13
  [1m[35m (1.4ms)[0m  [1m[35mCOMMIT[0m
  ↳ db/seeds.rb:13
  [1m[35m (0.3ms)[0m  [1m[35mBEGIN[0m
  ↳ db/seeds.rb:14
  [1m[36mCat Create (0.5ms)[0m  [1m[32mINSERT INTO "cats" ("birth_date", "color", "name", "sex", "created_at", "updated_at") VALUES ($1, $2, $3, $4, $5, $6) RETURNING "id"[0m  [["birth_date", "2009-09-30"], ["color", "orange"], ["name", "Frank"], ["sex", "M"], ["created_at", "2020-04-24 18:44:38.757440"], ["updated_at", "2020-04-24 18:44:38.757440"]]
  ↳ db/seeds.rb:14
  [1m[35m (1.1ms)[0m  [1m[35mCOMMIT[0m
  ↳ db/seeds.rb:14
Started GET "/cats" for 127.0.0.1 at 2020-04-24 14:45:09 -0400
  [1m[35m (1.5ms)[0m  [1m[34mSELECT "schema_migrations"."version" FROM "schema_migrations" ORDER BY "schema_migrations"."version" ASC[0m
  ↳ /Users/davidcohen/.rbenv/versions/2.5.1/lib/ruby/gems/2.5.0/gems/activerecord-5.2.4.2/lib/active_record/log_subscriber.rb:98
Processing by CatsController#index as HTML
  Rendering cats/index.html.erb within layouts/application
  [1m[36mCat Load (13.5ms)[0m  [1m[34mSELECT "cats".* FROM "cats"[0m
  ↳ app/views/cats/index.html.erb:4
  Rendered cats/index.html.erb within layouts/application (152.6ms)
Completed 200 OK in 624ms (Views: 563.2ms | ActiveRecord: 38.6ms)


Started GET "/cats" for ::1 at 2020-04-24 14:45:12 -0400
Processing by CatsController#index as HTML
  Rendering cats/index.html.erb within layouts/application
  [1m[36mCat Load (6.8ms)[0m  [1m[34mSELECT "cats".* FROM "cats"[0m
  ↳ app/views/cats/index.html.erb:4
  Rendered cats/index.html.erb within layouts/application (12.9ms)
Completed 200 OK in 127ms (Views: 118.8ms | ActiveRecord: 6.8ms)


Started GET "/cats" for 127.0.0.1 at 2020-04-24 14:48:51 -0400
Processing by CatsController#index as HTML
  Rendering cats/index.html.erb within layouts/application
  [1m[36mCat Load (4.0ms)[0m  [1m[34mSELECT "cats".* FROM "cats"[0m
  ↳ app/views/cats/index.html.erb:4
  Rendered cats/index.html.erb within layouts/application (6.8ms)
Completed 200 OK in 120ms (Views: 114.3ms | ActiveRecord: 4.0ms)


Started GET "/cats" for ::1 at 2020-04-24 14:48:54 -0400
Processing by CatsController#index as HTML
  Rendering cats/index.html.erb within layouts/application
  [1m[36mCat Load (93.3ms)[0m  [1m[34mSELECT "cats".* FROM "cats"[0m
  ↳ app/views/cats/index.html.erb:4
  Rendered cats/index.html.erb within layouts/application (98.1ms)
Completed 200 OK in 196ms (Views: 101.1ms | ActiveRecord: 93.3ms)


Started GET "/cats/1" for 127.0.0.1 at 2020-04-24 14:48:55 -0400
Processing by CatsController#show as HTML
  Parameters: {"id"=>"1"}
  [1m[36mCat Load (1.8ms)[0m  [1m[34mSELECT  "cats".* FROM "cats" WHERE "cats"."id" = $1 LIMIT $2[0m  [["id", 1], ["LIMIT", 1]]
  ↳ app/controllers/cats_controller.rb:8
  Rendering cats/show.html.erb within layouts/application
  Rendered cats/show.html.erb within layouts/application (44.5ms)
Completed 500 Internal Server Error in 121ms (ActiveRecord: 2.5ms)



ActionView::Template::Error - undefined method `birth_day' for #<Cat:0x00007f928d9782f0>
Did you mean?  birth_date
               birth_date=
               birth_date?:
  app/controllers/cats_controller.rb:9:in `show'

Started POST "/__better_errors/29fec9e83d956ab5/variables" for 127.0.0.1 at 2020-04-24 14:48:56 -0400
Started GET "/cats/1" for 127.0.0.1 at 2020-04-24 14:49:08 -0400
Processing by CatsController#show as HTML
  Parameters: {"id"=>"1"}
  [1m[36mCat Load (2.1ms)[0m  [1m[34mSELECT  "cats".* FROM "cats" WHERE "cats"."id" = $1 LIMIT $2[0m  [["id", 1], ["LIMIT", 1]]
  ↳ app/controllers/cats_controller.rb:8
  Rendering cats/show.html.erb within layouts/application
  Rendered cats/show.html.erb within layouts/application (2.2ms)
Completed 200 OK in 79ms (Views: 73.2ms | ActiveRecord: 2.1ms)


Started GET "/cats/1" for ::1 at 2020-04-24 14:49:20 -0400
Processing by CatsController#show as HTML
  Parameters: {"id"=>"1"}
  [1m[36mCat Load (26.8ms)[0m  [1m[34mSELECT  "cats".* FROM "cats" WHERE "cats"."id" = $1 LIMIT $2[0m  [["id", 1], ["LIMIT", 1]]
  ↳ app/controllers/cats_controller.rb:8
  Rendering cats/show.html.erb within layouts/application
  Rendered cats/show.html.erb within layouts/application (1.3ms)
Completed 200 OK in 134ms (Views: 103.7ms | ActiveRecord: 26.8ms)


Started GET "/cats/" for ::1 at 2020-04-24 14:51:50 -0400
Processing by CatsController#index as HTML
  Rendering cats/index.html.erb within layouts/application
  [1m[36mCat Load (2.3ms)[0m  [1m[34mSELECT "cats".* FROM "cats"[0m
  ↳ app/views/cats/index.html.erb:4
  Rendered cats/index.html.erb within layouts/application (305.1ms)
Completed 500 Internal Server Error in 365ms (ActiveRecord: 2.3ms)



ActionView::Template::Error - undefined method `get_url' for #<#<Class:0x00007f928838e7b8>:0x00007f9288d88c78>
Did you mean?  get_cycle:
  app/controllers/cats_controller.rb:4:in `index'

Started GET "/cats" for 127.0.0.1 at 2020-04-24 14:51:51 -0400
Processing by CatsController#index as HTML
  Rendering cats/index.html.erb within layouts/application
  [1m[36mCat Load (3.0ms)[0m  [1m[34mSELECT "cats".* FROM "cats"[0m
  ↳ app/views/cats/index.html.erb:4
Started POST "/__better_errors/8668def416e4a329/variables" for ::1 at 2020-04-24 14:51:51 -0400
  Rendered cats/index.html.erb within layouts/application (1027.3ms)
Completed 500 Internal Server Error in 1057ms (ActiveRecord: 3.0ms)



ActionView::Template::Error - undefined method `get_url' for #<#<Class:0x00007f928838e7b8>:0x00007f92887c0390>
Did you mean?  get_cycle:
  app/controllers/cats_controller.rb:4:in `index'

Started POST "/__better_errors/6b15e96a433fa52f/variables" for 127.0.0.1 at 2020-04-24 14:51:52 -0400
Started GET "/cats" for 127.0.0.1 at 2020-04-24 14:52:41 -0400
Processing by CatsController#index as HTML
  Rendering cats/index.html.erb within layouts/application
  [1m[36mCat Load (0.6ms)[0m  [1m[34mSELECT "cats".* FROM "cats"[0m
  ↳ app/views/cats/index.html.erb:4
  Rendered cats/index.html.erb within layouts/application (4.4ms)
Completed 200 OK in 161ms (Views: 159.1ms | ActiveRecord: 0.6ms)


Started GET "/cats/" for ::1 at 2020-04-24 14:52:42 -0400
Processing by CatsController#index as HTML
  Rendering cats/index.html.erb within layouts/application
  [1m[36mCat Load (43.5ms)[0m  [1m[34mSELECT "cats".* FROM "cats"[0m
  ↳ app/views/cats/index.html.erb:4
  Rendered cats/index.html.erb within layouts/application (47.2ms)
Completed 200 OK in 149ms (Views: 104.7ms | ActiveRecord: 43.5ms)


Started GET "/cats/2" for 127.0.0.1 at 2020-04-24 14:52:44 -0400
Processing by CatsController#show as HTML
  Parameters: {"id"=>"2"}
  [1m[36mCat Load (0.6ms)[0m  [1m[34mSELECT  "cats".* FROM "cats" WHERE "cats"."id" = $1 LIMIT $2[0m  [["id", 2], ["LIMIT", 1]]
  ↳ app/controllers/cats_controller.rb:8
  Rendering cats/show.html.erb within layouts/application
  Rendered cats/show.html.erb within layouts/application (1.0ms)
Completed 200 OK in 138ms (Views: 118.5ms | ActiveRecord: 10.2ms)


Started GET "/cats/1" for 127.0.0.1 at 2020-04-24 14:52:46 -0400
Processing by CatsController#show as HTML
  Parameters: {"id"=>"1"}
  [1m[36mCat Load (0.4ms)[0m  [1m[34mSELECT  "cats".* FROM "cats" WHERE "cats"."id" = $1 LIMIT $2[0m  [["id", 1], ["LIMIT", 1]]
  ↳ app/controllers/cats_controller.rb:8
  Rendering cats/show.html.erb within layouts/application
  Rendered cats/show.html.erb within layouts/application (0.9ms)
Completed 200 OK in 79ms (Views: 76.9ms | ActiveRecord: 0.4ms)


Started GET "/cats/2" for ::1 at 2020-04-24 14:52:47 -0400
Processing by CatsController#show as HTML
  Parameters: {"id"=>"2"}
  [1m[36mCat Load (59.3ms)[0m  [1m[34mSELECT  "cats".* FROM "cats" WHERE "cats"."id" = $1 LIMIT $2[0m  [["id", 2], ["LIMIT", 1]]
  ↳ app/controllers/cats_controller.rb:8
  Rendering cats/show.html.erb within layouts/application
  Rendered cats/show.html.erb within layouts/application (2.3ms)
Completed 200 OK in 204ms (Views: 142.6ms | ActiveRecord: 59.3ms)


Started GET "/cats/4" for 127.0.0.1 at 2020-04-24 14:52:49 -0400
Processing by CatsController#show as HTML
  Parameters: {"id"=>"4"}
  [1m[36mCat Load (20.3ms)[0m  [1m[34mSELECT  "cats".* FROM "cats" WHERE "cats"."id" = $1 LIMIT $2[0m  [["id", 4], ["LIMIT", 1]]
  ↳ app/controllers/cats_controller.rb:8
  Rendering cats/show.html.erb within layouts/application
  Rendered cats/show.html.erb within layouts/application (1.0ms)
Completed 200 OK in 107ms (Views: 84.2ms | ActiveRecord: 20.3ms)


Started GET "/cats/5" for 127.0.0.1 at 2020-04-24 14:52:52 -0400
Processing by CatsController#show as HTML
  Parameters: {"id"=>"5"}
  [1m[36mCat Load (0.4ms)[0m  [1m[34mSELECT  "cats".* FROM "cats" WHERE "cats"."id" = $1 LIMIT $2[0m  [["id", 5], ["LIMIT", 1]]
  ↳ app/controllers/cats_controller.rb:8
  Rendering cats/show.html.erb within layouts/application
  Rendered cats/show.html.erb within layouts/application (0.9ms)
Completed 200 OK in 74ms (Views: 71.7ms | ActiveRecord: 0.4ms)


Started GET "/cats/10" for ::1 at 2020-04-24 14:52:53 -0400
Processing by CatsController#show as HTML
  Parameters: {"id"=>"10"}
  [1m[36mCat Load (34.1ms)[0m  [1m[34mSELECT  "cats".* FROM "cats" WHERE "cats"."id" = $1 LIMIT $2[0m  [["id", 10], ["LIMIT", 1]]
  ↳ app/controllers/cats_controller.rb:8
Completed 404 Not Found in 40ms (ActiveRecord: 34.1ms)



ActiveRecord::RecordNotFound - Couldn't find Cat with 'id'=10:
  app/controllers/cats_controller.rb:8:in `show'

Started POST "/__better_errors/2767c1ae32105d32/variables" for ::1 at 2020-04-24 14:52:54 -0400
Started GET "/cats/3" for 127.0.0.1 at 2020-04-24 14:52:54 -0400
Processing by CatsController#show as HTML
  Parameters: {"id"=>"3"}
  [1m[36mCat Load (5.2ms)[0m  [1m[34mSELECT  "cats".* FROM "cats" WHERE "cats"."id" = $1 LIMIT $2[0m  [["id", 3], ["LIMIT", 1]]
  ↳ app/controllers/cats_controller.rb:8
  Rendering cats/show.html.erb within layouts/application
  Rendered cats/show.html.erb within layouts/application (1.2ms)
Completed 200 OK in 167ms (Views: 158.0ms | ActiveRecord: 5.2ms)


Started GET "/cats/5" for ::1 at 2020-04-24 14:52:58 -0400
Processing by CatsController#show as HTML
  Parameters: {"id"=>"5"}
  [1m[36mCat Load (40.4ms)[0m  [1m[34mSELECT  "cats".* FROM "cats" WHERE "cats"."id" = $1 LIMIT $2[0m  [["id", 5], ["LIMIT", 1]]
  ↳ app/controllers/cats_controller.rb:8
  Rendering cats/show.html.erb within layouts/application
  Rendered cats/show.html.erb within layouts/application (1.5ms)
Completed 200 OK in 167ms (Views: 122.9ms | ActiveRecord: 40.4ms)


Started GET "/" for 127.0.0.1 at 2020-04-24 16:13:07 -0400
  [1m[35m (2.6ms)[0m  [1m[34mSELECT "schema_migrations"."version" FROM "schema_migrations" ORDER BY "schema_migrations"."version" ASC[0m
  ↳ /Users/davidcohen/.rbenv/versions/2.5.1/lib/ruby/gems/2.5.0/gems/activerecord-5.2.4.2/lib/active_record/log_subscriber.rb:98
Processing by Rails::WelcomeController#index as HTML
  Rendering /Users/davidcohen/.rbenv/versions/2.5.1/lib/ruby/gems/2.5.0/gems/railties-5.2.4.2/lib/rails/templates/rails/welcome/index.html.erb
  Rendered /Users/davidcohen/.rbenv/versions/2.5.1/lib/ruby/gems/2.5.0/gems/railties-5.2.4.2/lib/rails/templates/rails/welcome/index.html.erb (13.9ms)
Completed 200 OK in 87ms (Views: 40.2ms | ActiveRecord: 0.0ms)


Started GET "/cats/edit" for ::1 at 2020-04-24 16:13:08 -0400
Processing by CatsController#show as HTML
  Parameters: {"id"=>"edit"}
  [1m[36mCat Load (1.5ms)[0m  [1m[34mSELECT  "cats".* FROM "cats" WHERE "cats"."id" = $1 LIMIT $2[0m  [["id", 0], ["LIMIT", 1]]
  ↳ app/controllers/cats_controller.rb:8
Completed 404 Not Found in 122ms (ActiveRecord: 93.8ms)



ActiveRecord::RecordNotFound - Couldn't find Cat with 'id'=edit:
  app/controllers/cats_controller.rb:8:in `show'

Started POST "/__better_errors/d72f35922cea9684/variables" for ::1 at 2020-04-24 16:13:08 -0400
Started GET "/polls/new" for 127.0.0.1 at 2020-04-24 16:13:14 -0400
  
ActionController::RoutingError (No route matches [GET] "/polls/new"):
  
actionpack (5.2.4.2) lib/action_dispatch/middleware/debug_exceptions.rb:65:in `call'
web-console (3.7.0) lib/web_console/middleware.rb:135:in `call_app'
web-console (3.7.0) lib/web_console/middleware.rb:30:in `block in call'
web-console (3.7.0) lib/web_console/middleware.rb:20:in `catch'
web-console (3.7.0) lib/web_console/middleware.rb:20:in `call'
actionpack (5.2.4.2) lib/action_dispatch/middleware/show_exceptions.rb:33:in `call'
railties (5.2.4.2) lib/rails/rack/logger.rb:38:in `call_app'
railties (5.2.4.2) lib/rails/rack/logger.rb:26:in `block in call'
activesupport (5.2.4.2) lib/active_support/tagged_logging.rb:71:in `block in tagged'
activesupport (5.2.4.2) lib/active_support/tagged_logging.rb:28:in `tagged'
activesupport (5.2.4.2) lib/active_support/tagged_logging.rb:71:in `tagged'
railties (5.2.4.2) lib/rails/rack/logger.rb:26:in `call'
sprockets-rails (3.2.1) lib/sprockets/rails/quiet_assets.rb:13:in `call'
actionpack (5.2.4.2) lib/action_dispatch/middleware/remote_ip.rb:81:in `call'
actionpack (5.2.4.2) lib/action_dispatch/middleware/request_id.rb:27:in `call'
rack (2.2.2) lib/rack/method_override.rb:24:in `call'
rack (2.2.2) lib/rack/runtime.rb:22:in `call'
activesupport (5.2.4.2) lib/active_support/cache/strategy/local_cache_middleware.rb:29:in `call'
actionpack (5.2.4.2) lib/action_dispatch/middleware/executor.rb:14:in `call'
actionpack (5.2.4.2) lib/action_dispatch/middleware/static.rb:127:in `call'
rack (2.2.2) lib/rack/sendfile.rb:110:in `call'
railties (5.2.4.2) lib/rails/engine.rb:524:in `call'
puma (3.12.4) lib/puma/configuration.rb:227:in `call'
puma (3.12.4) lib/puma/server.rb:675:in `handle_request'
puma (3.12.4) lib/puma/server.rb:476:in `process_client'
puma (3.12.4) lib/puma/server.rb:334:in `block in run'
puma (3.12.4) lib/puma/thread_pool.rb:135:in `block in spawn_thread'
Started GET "/cats/" for ::1 at 2020-04-24 16:13:15 -0400
Processing by CatsController#index as HTML
  Rendering cats/index.html.erb within layouts/application
  [1m[36mCat Load (12.0ms)[0m  [1m[34mSELECT "cats".* FROM "cats"[0m
  ↳ app/views/cats/index.html.erb:4
  Rendered cats/index.html.erb within layouts/application (59.8ms)
Completed 200 OK in 1332ms (Views: 1301.1ms | ActiveRecord: 28.9ms)


Started GET "/cats/1" for ::1 at 2020-04-24 16:13:19 -0400
Processing by CatsController#show as HTML
  Parameters: {"id"=>"1"}
  [1m[36mCat Load (17.0ms)[0m  [1m[34mSELECT  "cats".* FROM "cats" WHERE "cats"."id" = $1 LIMIT $2[0m  [["id", 1], ["LIMIT", 1]]
  ↳ app/controllers/cats_controller.rb:8
  Rendering cats/show.html.erb within layouts/application
  Rendered cats/show.html.erb within layouts/application (1.2ms)
Completed 200 OK in 226ms (Views: 173.7ms | ActiveRecord: 48.2ms)


Started GET "/cats/new" for ::1 at 2020-04-24 16:13:26 -0400
Processing by CatsController#new as HTML
  Rendering cats/new.html.erb within layouts/application
  Rendered cats/_form.html.erb (1.8ms)
  Rendered cats/new.html.erb within layouts/application (18.8ms)
Completed 200 OK in 162ms (Views: 159.6ms | ActiveRecord: 0.0ms)


Started GET "/cats/new" for 127.0.0.1 at 2020-04-24 16:13:34 -0400
Processing by CatsController#new as HTML
  Rendering cats/new.html.erb within layouts/application
  Rendered cats/_form.html.erb (1.1ms)
  Rendered cats/new.html.erb within layouts/application (6.5ms)
Completed 200 OK in 106ms (Views: 105.1ms | ActiveRecord: 0.0ms)


Started POST "/cats" for 127.0.0.1 at 2020-04-24 16:14:09 -0400
Processing by CatsController#create as HTML
  Parameters: {"cat"=>{"name"=>"Paul", "birth_date"=>"0001-01-01", "color"=>"black", "sex"=>"M", "description"=>"holy af"}}
Can't verify CSRF token authenticity.
Completed 422 Unprocessable Entity in 1ms (ActiveRecord: 0.0ms)



ActionController::InvalidAuthenticityToken - ActionController::InvalidAuthenticityToken:

Started POST "/__better_errors/e8f78f3fffe22268/variables" for 127.0.0.1 at 2020-04-24 16:14:09 -0400
Started POST "/cats" for 127.0.0.1 at 2020-04-24 16:15:06 -0400
Processing by CatsController#create as HTML
  Parameters: {"cat"=>{"name"=>"Paul", "birth_date"=>"0001-01-01", "color"=>"black", "sex"=>"M", "description"=>"holy af"}}
Can't verify CSRF token authenticity.
Completed 422 Unprocessable Entity in 1ms (ActiveRecord: 0.0ms)



ActionController::InvalidAuthenticityToken - ActionController::InvalidAuthenticityToken:

Started POST "/__better_errors/b20fc211911bfeac/variables" for 127.0.0.1 at 2020-04-24 16:15:06 -0400
Started GET "/cats/new" for 127.0.0.1 at 2020-04-24 16:15:08 -0400
Processing by CatsController#new as HTML
  Rendering cats/new.html.erb within layouts/application
  Rendered cats/_form.html.erb (2.0ms)
  Rendered cats/new.html.erb within layouts/application (15.0ms)
Completed 200 OK in 127ms (Views: 126.6ms | ActiveRecord: 0.0ms)


Started GET "/cats/" for ::1 at 2020-04-24 16:15:21 -0400
Processing by CatsController#index as HTML
  Rendering cats/index.html.erb within layouts/application
  [1m[36mCat Load (14.8ms)[0m  [1m[34mSELECT "cats".* FROM "cats"[0m
  ↳ app/views/cats/index.html.erb:4
  Rendered cats/index.html.erb within layouts/application (19.3ms)
Completed 200 OK in 127ms (Views: 110.1ms | ActiveRecord: 14.8ms)


Started POST "/cats" for 127.0.0.1 at 2020-04-24 16:15:26 -0400
Processing by CatsController#create as HTML
  Parameters: {"cat"=>{"name"=>"Paul", "birth_date"=>"0001-01-01", "color"=>"black", "sex"=>"M", "description"=>"holy af"}}
Can't verify CSRF token authenticity.
Completed 422 Unprocessable Entity in 1ms (ActiveRecord: 0.0ms)



ActionController::InvalidAuthenticityToken - ActionController::InvalidAuthenticityToken:

Started POST "/__better_errors/c163faa4bfbc46f8/variables" for 127.0.0.1 at 2020-04-24 16:15:26 -0400
Started GET "/cats/" for ::1 at 2020-04-24 16:15:28 -0400
Processing by CatsController#index as HTML
  Rendering cats/index.html.erb within layouts/application
  [1m[36mCat Load (17.1ms)[0m  [1m[34mSELECT "cats".* FROM "cats"[0m
  ↳ app/views/cats/index.html.erb:4
  Rendered cats/index.html.erb within layouts/application (25.0ms)
Completed 200 OK in 112ms (Views: 94.1ms | ActiveRecord: 17.1ms)


Started GET "/cats/" for ::1 at 2020-04-24 16:15:31 -0400
Processing by CatsController#index as HTML
  Rendering cats/index.html.erb within layouts/application
  [1m[36mCat Load (2.0ms)[0m  [1m[34mSELECT "cats".* FROM "cats"[0m
  ↳ app/views/cats/index.html.erb:4
  Rendered cats/index.html.erb within layouts/application (4.6ms)
Completed 200 OK in 79ms (Views: 75.8ms | ActiveRecord: 2.0ms)


  [1m[36mCat Load (1.1ms)[0m  [1m[34mSELECT  "cats".* FROM "cats" ORDER BY "cats"."id" DESC LIMIT $1[0m  [["LIMIT", 1]]
Started GET "/cats/new" for 127.0.0.1 at 2020-04-24 16:17:10 -0400
  [1m[35m (1.1ms)[0m  [1m[34mSELECT "schema_migrations"."version" FROM "schema_migrations" ORDER BY "schema_migrations"."version" ASC[0m
  ↳ /Users/davidcohen/.rbenv/versions/2.5.1/lib/ruby/gems/2.5.0/gems/activerecord-5.2.4.2/lib/active_record/log_subscriber.rb:98
Processing by CatsController#new as HTML
  Rendering cats/new.html.erb within layouts/application
  Rendered cats/_form.html.erb (1.7ms)
  Rendered cats/new.html.erb within layouts/application (17.7ms)
Completed 200 OK in 455ms (Views: 386.9ms | ActiveRecord: 20.4ms)


Started POST "/cats" for 127.0.0.1 at 2020-04-24 16:17:23 -0400
Processing by CatsController#create as HTML
  Parameters: {"cat"=>{"name"=>"paul", "birth_date"=>"0001-01-01", "color"=>"black", "sex"=>"M", "description"=>"holy AF\r\n"}}
No template found for CatsController#create, rendering head :no_content
Completed 204 No Content in 246ms (ActiveRecord: 0.0ms)


Started GET "/cats/create" for ::1 at 2020-04-24 16:25:40 -0400
Processing by CatsController#show as HTML
  Parameters: {"id"=>"create"}
  [1m[36mCat Load (1.0ms)[0m  [1m[34mSELECT  "cats".* FROM "cats" WHERE "cats"."id" = $1 LIMIT $2[0m  [["id", 0], ["LIMIT", 1]]
  ↳ app/controllers/cats_controller.rb:8
Completed 404 Not Found in 47ms (ActiveRecord: 16.5ms)



ActiveRecord::RecordNotFound - Couldn't find Cat with 'id'=create:
  app/controllers/cats_controller.rb:8:in `show'

Started POST "/__better_errors/ee482778f8ed1bbb/variables" for ::1 at 2020-04-24 16:25:41 -0400
Started POST "/cats" for 127.0.0.1 at 2020-04-24 16:25:42 -0400
Processing by CatsController#create as HTML
  Parameters: {"cat"=>{"name"=>"paul", "birth_date"=>"0001-01-01", "color"=>"black", "sex"=>"M", "description"=>"holy AF\r\n"}}
  [1m[35m (3.3ms)[0m  [1m[35mBEGIN[0m
  ↳ app/controllers/cats_controller.rb:29
  [1m[36mCat Create (15.1ms)[0m  [1m[32mINSERT INTO "cats" ("birth_date", "color", "name", "sex", "description", "created_at", "updated_at") VALUES ($1, $2, $3, $4, $5, $6, $7) RETURNING "id"[0m  [["birth_date", "0001-01-01"], ["color", "black"], ["name", "paul"], ["sex", "M"], ["description", "holy AF\r\n"], ["created_at", "2020-04-24 20:25:42.735351"], ["updated_at", "2020-04-24 20:25:42.735351"]]
  ↳ app/controllers/cats_controller.rb:29
  [1m[35m (64.2ms)[0m  [1m[35mCOMMIT[0m
  ↳ app/controllers/cats_controller.rb:29
Redirected to http://localhost:3000/cats/6
Completed 302 Found in 115ms (ActiveRecord: 82.6ms)


Started GET "/cats/6" for 127.0.0.1 at 2020-04-24 16:25:42 -0400
Processing by CatsController#show as HTML
  Parameters: {"id"=>"6"}
  [1m[36mCat Load (34.6ms)[0m  [1m[34mSELECT  "cats".* FROM "cats" WHERE "cats"."id" = $1 LIMIT $2[0m  [["id", 6], ["LIMIT", 1]]
  ↳ app/controllers/cats_controller.rb:8
  Rendering cats/show.html.erb within layouts/application
  Rendered cats/show.html.erb within layouts/application (0.9ms)
Completed 200 OK in 167ms (Views: 110.6ms | ActiveRecord: 34.6ms)


Started GET "/cats/" for ::1 at 2020-04-24 16:25:49 -0400
Processing by CatsController#index as HTML
  Rendering cats/index.html.erb within layouts/application
  [1m[36mCat Load (30.1ms)[0m  [1m[34mSELECT "cats".* FROM "cats"[0m
  ↳ app/views/cats/index.html.erb:4
  Rendered cats/index.html.erb within layouts/application (35.2ms)
Completed 200 OK in 191ms (Views: 158.1ms | ActiveRecord: 30.1ms)


Started GET "/cats/6" for ::1 at 2020-04-24 16:25:52 -0400
Processing by CatsController#show as HTML
  Parameters: {"id"=>"6"}
  [1m[36mCat Load (35.5ms)[0m  [1m[34mSELECT  "cats".* FROM "cats" WHERE "cats"."id" = $1 LIMIT $2[0m  [["id", 6], ["LIMIT", 1]]
  ↳ app/controllers/cats_controller.rb:8
  Rendering cats/show.html.erb within layouts/application
  Rendered cats/show.html.erb within layouts/application (1.1ms)
Completed 200 OK in 201ms (Views: 161.1ms | ActiveRecord: 35.5ms)


Started GET "/cats/new" for ::1 at 2020-04-24 16:26:16 -0400
Processing by CatsController#new as HTML
  Rendering cats/new.html.erb within layouts/application
  Rendered cats/_form.html.erb (2.6ms)
  Rendered cats/new.html.erb within layouts/application (10.7ms)
Completed 200 OK in 175ms (Views: 171.7ms | ActiveRecord: 0.0ms)


Started GET "/cats/6/edit" for 127.0.0.1 at 2020-04-24 16:28:26 -0400
  
ActionController::RoutingError (No route matches [GET] "/cats/6/edit"):
  
actionpack (5.2.4.2) lib/action_dispatch/middleware/debug_exceptions.rb:65:in `call'
web-console (3.7.0) lib/web_console/middleware.rb:135:in `call_app'
web-console (3.7.0) lib/web_console/middleware.rb:30:in `block in call'
web-console (3.7.0) lib/web_console/middleware.rb:20:in `catch'
web-console (3.7.0) lib/web_console/middleware.rb:20:in `call'
actionpack (5.2.4.2) lib/action_dispatch/middleware/show_exceptions.rb:33:in `call'
railties (5.2.4.2) lib/rails/rack/logger.rb:38:in `call_app'
railties (5.2.4.2) lib/rails/rack/logger.rb:26:in `block in call'
activesupport (5.2.4.2) lib/active_support/tagged_logging.rb:71:in `block in tagged'
activesupport (5.2.4.2) lib/active_support/tagged_logging.rb:28:in `tagged'
activesupport (5.2.4.2) lib/active_support/tagged_logging.rb:71:in `tagged'
railties (5.2.4.2) lib/rails/rack/logger.rb:26:in `call'
sprockets-rails (3.2.1) lib/sprockets/rails/quiet_assets.rb:13:in `call'
actionpack (5.2.4.2) lib/action_dispatch/middleware/remote_ip.rb:81:in `call'
actionpack (5.2.4.2) lib/action_dispatch/middleware/request_id.rb:27:in `call'
rack (2.2.2) lib/rack/method_override.rb:24:in `call'
rack (2.2.2) lib/rack/runtime.rb:22:in `call'
activesupport (5.2.4.2) lib/active_support/cache/strategy/local_cache_middleware.rb:29:in `call'
actionpack (5.2.4.2) lib/action_dispatch/middleware/executor.rb:14:in `call'
actionpack (5.2.4.2) lib/action_dispatch/middleware/static.rb:127:in `call'
rack (2.2.2) lib/rack/sendfile.rb:110:in `call'
railties (5.2.4.2) lib/rails/engine.rb:524:in `call'
puma (3.12.4) lib/puma/configuration.rb:227:in `call'
puma (3.12.4) lib/puma/server.rb:675:in `handle_request'
puma (3.12.4) lib/puma/server.rb:476:in `process_client'
puma (3.12.4) lib/puma/server.rb:334:in `block in run'
puma (3.12.4) lib/puma/thread_pool.rb:135:in `block in spawn_thread'
Started GET "/cats/6/edit" for 127.0.0.1 at 2020-04-24 16:29:06 -0400
Processing by CatsController#edit as HTML
  Parameters: {"id"=>"6"}
  [1m[36mCat Load (1.0ms)[0m  [1m[34mSELECT  "cats".* FROM "cats" WHERE "cats"."id" = $1 LIMIT $2[0m  [["id", 6], ["LIMIT", 1]]
  ↳ app/controllers/cats_controller.rb:13
  Rendering cats/edit.html.erb within layouts/application
  Rendered cats/_form.html.erb (1.4ms)
  Rendered cats/edit.html.erb within layouts/application (8.1ms)
Completed 200 OK in 121ms (Views: 73.7ms | ActiveRecord: 14.6ms)


Started GET "/cats/edit/5" for ::1 at 2020-04-24 16:29:11 -0400
  
ActionController::RoutingError (No route matches [GET] "/cats/edit/5"):
  
actionpack (5.2.4.2) lib/action_dispatch/middleware/debug_exceptions.rb:65:in `call'
web-console (3.7.0) lib/web_console/middleware.rb:135:in `call_app'
web-console (3.7.0) lib/web_console/middleware.rb:30:in `block in call'
web-console (3.7.0) lib/web_console/middleware.rb:20:in `catch'
web-console (3.7.0) lib/web_console/middleware.rb:20:in `call'
actionpack (5.2.4.2) lib/action_dispatch/middleware/show_exceptions.rb:33:in `call'
railties (5.2.4.2) lib/rails/rack/logger.rb:38:in `call_app'
railties (5.2.4.2) lib/rails/rack/logger.rb:26:in `block in call'
activesupport (5.2.4.2) lib/active_support/tagged_logging.rb:71:in `block in tagged'
activesupport (5.2.4.2) lib/active_support/tagged_logging.rb:28:in `tagged'
activesupport (5.2.4.2) lib/active_support/tagged_logging.rb:71:in `tagged'
railties (5.2.4.2) lib/rails/rack/logger.rb:26:in `call'
sprockets-rails (3.2.1) lib/sprockets/rails/quiet_assets.rb:13:in `call'
actionpack (5.2.4.2) lib/action_dispatch/middleware/remote_ip.rb:81:in `call'
actionpack (5.2.4.2) lib/action_dispatch/middleware/request_id.rb:27:in `call'
rack (2.2.2) lib/rack/method_override.rb:24:in `call'
rack (2.2.2) lib/rack/runtime.rb:22:in `call'
activesupport (5.2.4.2) lib/active_support/cache/strategy/local_cache_middleware.rb:29:in `call'
actionpack (5.2.4.2) lib/action_dispatch/middleware/executor.rb:14:in `call'
actionpack (5.2.4.2) lib/action_dispatch/middleware/static.rb:127:in `call'
rack (2.2.2) lib/rack/sendfile.rb:110:in `call'
railties (5.2.4.2) lib/rails/engine.rb:524:in `call'
puma (3.12.4) lib/puma/configuration.rb:227:in `call'
puma (3.12.4) lib/puma/server.rb:675:in `handle_request'
puma (3.12.4) lib/puma/server.rb:476:in `process_client'
puma (3.12.4) lib/puma/server.rb:334:in `block in run'
puma (3.12.4) lib/puma/thread_pool.rb:135:in `block in spawn_thread'
Started GET "/cats/" for ::1 at 2020-04-24 16:29:23 -0400
Processing by CatsController#index as HTML
  Rendering cats/index.html.erb within layouts/application
  [1m[36mCat Load (60.8ms)[0m  [1m[34mSELECT "cats".* FROM "cats"[0m
  ↳ app/views/cats/index.html.erb:4
  Rendered cats/index.html.erb within layouts/application (72.2ms)
Completed 200 OK in 225ms (Views: 163.0ms | ActiveRecord: 60.8ms)


Started GET "/cats/6" for ::1 at 2020-04-24 16:29:26 -0400
Processing by CatsController#show as HTML
  Parameters: {"id"=>"6"}
  [1m[36mCat Load (19.8ms)[0m  [1m[34mSELECT  "cats".* FROM "cats" WHERE "cats"."id" = $1 LIMIT $2[0m  [["id", 6], ["LIMIT", 1]]
  ↳ app/controllers/cats_controller.rb:8
  Rendering cats/show.html.erb within layouts/application
  Rendered cats/show.html.erb within layouts/application (0.9ms)
Completed 200 OK in 158ms (Views: 134.9ms | ActiveRecord: 19.8ms)


Started GET "/cats/6/edit" for 127.0.0.1 at 2020-04-24 16:29:43 -0400
Processing by CatsController#edit as HTML
  Parameters: {"id"=>"6"}
  [1m[36mCat Load (4.9ms)[0m  [1m[34mSELECT  "cats".* FROM "cats" WHERE "cats"."id" = $1 LIMIT $2[0m  [["id", 6], ["LIMIT", 1]]
  ↳ app/controllers/cats_controller.rb:13
  Rendering cats/edit.html.erb within layouts/application
  Rendered cats/_form.html.erb (3.0ms)
  Rendered cats/edit.html.erb within layouts/application (9.4ms)
Completed 200 OK in 108ms (Views: 98.8ms | ActiveRecord: 4.9ms)


Started GET "/cats/6" for ::1 at 2020-04-24 16:29:46 -0400
Processing by CatsController#show as HTML
  Parameters: {"id"=>"6"}
  [1m[36mCat Load (21.7ms)[0m  [1m[34mSELECT  "cats".* FROM "cats" WHERE "cats"."id" = $1 LIMIT $2[0m  [["id", 6], ["LIMIT", 1]]
  ↳ app/controllers/cats_controller.rb:8
  Rendering cats/show.html.erb within layouts/application
  Rendered cats/show.html.erb within layouts/application (2.5ms)
Completed 200 OK in 119ms (Views: 95.0ms | ActiveRecord: 21.7ms)


Started GET "/cats/6/" for 127.0.0.1 at 2020-04-24 16:29:47 -0400
Processing by CatsController#show as HTML
  Parameters: {"id"=>"6"}
  [1m[36mCat Load (0.7ms)[0m  [1m[34mSELECT  "cats".* FROM "cats" WHERE "cats"."id" = $1 LIMIT $2[0m  [["id", 6], ["LIMIT", 1]]
  ↳ app/controllers/cats_controller.rb:8
  Rendering cats/show.html.erb within layouts/application
  Rendered cats/show.html.erb within layouts/application (0.8ms)
Completed 200 OK in 58ms (Views: 54.4ms | ActiveRecord: 0.7ms)


Started GET "/cats/6/edit" for 127.0.0.1 at 2020-04-24 16:29:51 -0400
Processing by CatsController#edit as HTML
  Parameters: {"id"=>"6"}
  [1m[36mCat Load (8.3ms)[0m  [1m[34mSELECT  "cats".* FROM "cats" WHERE "cats"."id" = $1 LIMIT $2[0m  [["id", 6], ["LIMIT", 1]]
  ↳ app/controllers/cats_controller.rb:13
  Rendering cats/edit.html.erb within layouts/application
  Rendered cats/_form.html.erb (1.6ms)
  Rendered cats/edit.html.erb within layouts/application (7.4ms)
Completed 200 OK in 85ms (Views: 74.2ms | ActiveRecord: 8.3ms)


Started GET "/cats/6'edit" for ::1 at 2020-04-24 16:29:56 -0400
Processing by CatsController#show as HTML
  Parameters: {"id"=>"6'edit"}
  [1m[36mCat Load (35.6ms)[0m  [1m[34mSELECT  "cats".* FROM "cats" WHERE "cats"."id" = $1 LIMIT $2[0m  [["id", 6], ["LIMIT", 1]]
  ↳ app/controllers/cats_controller.rb:8
  Rendering cats/show.html.erb within layouts/application
  Rendered cats/show.html.erb within layouts/application (0.9ms)
Completed 200 OK in 145ms (Views: 101.3ms | ActiveRecord: 35.6ms)


Started GET "/cats/6/edit" for ::1 at 2020-04-24 16:30:01 -0400
Processing by CatsController#edit as HTML
  Parameters: {"id"=>"6"}
  [1m[36mCat Load (21.0ms)[0m  [1m[34mSELECT  "cats".* FROM "cats" WHERE "cats"."id" = $1 LIMIT $2[0m  [["id", 6], ["LIMIT", 1]]
  ↳ app/controllers/cats_controller.rb:13
  Rendering cats/edit.html.erb within layouts/application
  Rendered cats/_form.html.erb (28.5ms)
  Rendered cats/edit.html.erb within layouts/application (37.9ms)
Completed 200 OK in 164ms (Views: 140.4ms | ActiveRecord: 21.0ms)


Started PATCH "/cats/6" for 127.0.0.1 at 2020-04-24 16:30:10 -0400
Processing by CatsController#update as HTML
  Parameters: {"cat"=>{"name"=>"paul", "birth_date"=>"0001-01-01", "color"=>"white", "sex"=>"M", "description"=>""}, "id"=>"6"}
  [1m[36mCat Load (3.7ms)[0m  [1m[34mSELECT  "cats".* FROM "cats" WHERE "cats"."id" = $1 LIMIT $2[0m  [["id", 6], ["LIMIT", 1]]
  ↳ app/controllers/cats_controller.rb:18
  [1m[35m (0.8ms)[0m  [1m[35mBEGIN[0m
  ↳ app/controllers/cats_controller.rb:20
  [1m[36mCat Update (6.3ms)[0m  [1m[33mUPDATE "cats" SET "color" = $1, "description" = $2, "updated_at" = $3 WHERE "cats"."id" = $4[0m  [["color", "white"], ["description", ""], ["updated_at", "2020-04-24 20:30:10.417815"], ["id", 6]]
  ↳ app/controllers/cats_controller.rb:20
  [1m[35m (33.0ms)[0m  [1m[35mCOMMIT[0m
  ↳ app/controllers/cats_controller.rb:20
Redirected to http://localhost:3000/cats/6
Completed 302 Found in 72ms (ActiveRecord: 43.8ms)


Started GET "/cats/6" for 127.0.0.1 at 2020-04-24 16:30:10 -0400
Processing by CatsController#show as HTML
  Parameters: {"id"=>"6"}
  [1m[36mCat Load (1.8ms)[0m  [1m[34mSELECT  "cats".* FROM "cats" WHERE "cats"."id" = $1 LIMIT $2[0m  [["id", 6], ["LIMIT", 1]]
  ↳ app/controllers/cats_controller.rb:8
  Rendering cats/show.html.erb within layouts/application
  Rendered cats/show.html.erb within layouts/application (0.9ms)
Completed 200 OK in 106ms (Views: 101.1ms | ActiveRecord: 1.8ms)


Started GET "/cats/6/" for ::1 at 2020-04-24 16:30:19 -0400
Processing by CatsController#show as HTML
  Parameters: {"id"=>"6"}
  [1m[36mCat Load (29.8ms)[0m  [1m[34mSELECT  "cats".* FROM "cats" WHERE "cats"."id" = $1 LIMIT $2[0m  [["id", 6], ["LIMIT", 1]]
  ↳ app/controllers/cats_controller.rb:8
  Rendering cats/show.html.erb within layouts/application
  Rendered cats/show.html.erb within layouts/application (1.1ms)
Completed 200 OK in 174ms (Views: 141.2ms | ActiveRecord: 29.8ms)


Started GET "/cats/6/edit" for 127.0.0.1 at 2020-04-24 16:38:40 -0400
Processing by CatsController#edit as HTML
  Parameters: {"id"=>"6"}
  [1m[36mCat Load (1.0ms)[0m  [1m[34mSELECT  "cats".* FROM "cats" WHERE "cats"."id" = $1 LIMIT $2[0m  [["id", 6], ["LIMIT", 1]]
  ↳ app/controllers/cats_controller.rb:13
  Rendering cats/edit.html.erb within layouts/application
  Rendered cats/_form.html.erb (3.4ms)
  Rendered cats/edit.html.erb within layouts/application (9.7ms)
Completed 200 OK in 109ms (Views: 102.5ms | ActiveRecord: 1.3ms)


Started GET "/cats/5/edit" for 127.0.0.1 at 2020-04-24 16:38:46 -0400
Processing by CatsController#edit as HTML
  Parameters: {"id"=>"5"}
  [1m[36mCat Load (0.5ms)[0m  [1m[34mSELECT  "cats".* FROM "cats" WHERE "cats"."id" = $1 LIMIT $2[0m  [["id", 5], ["LIMIT", 1]]
  ↳ app/controllers/cats_controller.rb:13
  Rendering cats/edit.html.erb within layouts/application
  Rendered cats/_form.html.erb (2.3ms)
  Rendered cats/edit.html.erb within layouts/application (9.4ms)
Completed 200 OK in 83ms (Views: 81.0ms | ActiveRecord: 0.5ms)


Started GET "/cats/6/" for ::1 at 2020-04-24 16:38:48 -0400
Processing by CatsController#show as HTML
  Parameters: {"id"=>"6"}
  [1m[36mCat Load (65.7ms)[0m  [1m[34mSELECT  "cats".* FROM "cats" WHERE "cats"."id" = $1 LIMIT $2[0m  [["id", 6], ["LIMIT", 1]]
  ↳ app/controllers/cats_controller.rb:8
  Rendering cats/show.html.erb within layouts/application
  Rendered cats/show.html.erb within layouts/application (1.0ms)
Completed 200 OK in 192ms (Views: 118.3ms | ActiveRecord: 65.7ms)


Started GET "/cats/4/edit" for 127.0.0.1 at 2020-04-24 16:38:50 -0400
Processing by CatsController#edit as HTML
  Parameters: {"id"=>"4"}
  [1m[36mCat Load (0.4ms)[0m  [1m[34mSELECT  "cats".* FROM "cats" WHERE "cats"."id" = $1 LIMIT $2[0m  [["id", 4], ["LIMIT", 1]]
  ↳ app/controllers/cats_controller.rb:13
  Rendering cats/edit.html.erb within layouts/application
  Rendered cats/_form.html.erb (1.9ms)
  Rendered cats/edit.html.erb within layouts/application (8.1ms)
Completed 200 OK in 88ms (Views: 85.6ms | ActiveRecord: 0.4ms)


Started GET "/cats/3/edit" for 127.0.0.1 at 2020-04-24 16:38:53 -0400
Processing by CatsController#edit as HTML
  Parameters: {"id"=>"3"}
  [1m[36mCat Load (7.4ms)[0m  [1m[34mSELECT  "cats".* FROM "cats" WHERE "cats"."id" = $1 LIMIT $2[0m  [["id", 3], ["LIMIT", 1]]
  ↳ app/controllers/cats_controller.rb:13
  Rendering cats/edit.html.erb within layouts/application
  Rendered cats/_form.html.erb (7.6ms)
  Rendered cats/edit.html.erb within layouts/application (18.8ms)
Completed 200 OK in 125ms (Views: 114.6ms | ActiveRecord: 7.4ms)


Started GET "/cats/" for ::1 at 2020-04-24 16:38:56 -0400
Processing by CatsController#index as HTML
  Rendering cats/index.html.erb within layouts/application
  [1m[36mCat Load (31.2ms)[0m  [1m[34mSELECT "cats".* FROM "cats"[0m
  ↳ app/views/cats/index.html.erb:4
  Rendered cats/index.html.erb within layouts/application (44.4ms)
Completed 200 OK in 166ms (Views: 132.1ms | ActiveRecord: 31.2ms)


Started GET "/cats/new" for 127.0.0.1 at 2020-04-24 16:38:59 -0400
Processing by CatsController#new as HTML
  Rendering cats/new.html.erb within layouts/application
  Rendered cats/_form.html.erb (3.8ms)
  Rendered cats/new.html.erb within layouts/application (11.5ms)
Completed 200 OK in 67ms (Views: 66.5ms | ActiveRecord: 0.0ms)


Started GET "/cats/new" for 127.0.0.1 at 2020-04-24 16:41:19 -0400
Processing by CatsController#new as HTML
  Rendering cats/new.html.erb within layouts/application
  Rendered cats/_form.html.erb (3.0ms)
  Rendered cats/new.html.erb within layouts/application (8.8ms)
Completed 200 OK in 83ms (Views: 81.7ms | ActiveRecord: 0.0ms)


Started GET "/cats/new" for 127.0.0.1 at 2020-04-24 16:41:38 -0400
Processing by CatsController#new as HTML
  Rendering cats/new.html.erb within layouts/application
  Rendered cats/_form.html.erb (6.2ms)
  Rendered cats/new.html.erb within layouts/application (24.6ms)
Completed 200 OK in 103ms (Views: 102.4ms | ActiveRecord: 0.0ms)


Started GET "/cats/new" for 127.0.0.1 at 2020-04-24 16:41:41 -0400
Processing by CatsController#new as HTML
  Rendering cats/new.html.erb within layouts/application
  Rendered cats/_form.html.erb (5.7ms)
  Rendered cats/new.html.erb within layouts/application (9.7ms)
Completed 200 OK in 62ms (Views: 58.0ms | ActiveRecord: 0.0ms)


Started GET "/cats/new" for ::1 at 2020-04-24 16:42:05 -0400
Processing by CatsController#new as HTML
  Rendering cats/new.html.erb within layouts/application
  Rendered cats/_form.html.erb (3.9ms)
  Rendered cats/new.html.erb within layouts/application (36.2ms)
Completed 200 OK in 176ms (Views: 174.6ms | ActiveRecord: 0.0ms)


Started GET "/cats/new" for 127.0.0.1 at 2020-04-24 16:42:06 -0400
Processing by CatsController#new as HTML
  Rendering cats/new.html.erb within layouts/application
  Rendered cats/_form.html.erb (1.9ms)
  Rendered cats/new.html.erb within layouts/application (25.4ms)
Completed 200 OK in 132ms (Views: 130.2ms | ActiveRecord: 0.0ms)


Started GET "/cats/new" for 127.0.0.1 at 2020-04-24 16:42:40 -0400
Processing by CatsController#new as HTML
  Rendering cats/new.html.erb within layouts/application
  Rendered cats/_form.html.erb (2.0ms)
  Rendered cats/new.html.erb within layouts/application (9.8ms)
Completed 200 OK in 88ms (Views: 87.1ms | ActiveRecord: 0.0ms)


Started GET "/cats/new" for 127.0.0.1 at 2020-04-24 16:42:41 -0400
Processing by CatsController#new as HTML
  Rendering cats/new.html.erb within layouts/application
  Rendered cats/_form.html.erb (4.5ms)
  Rendered cats/new.html.erb within layouts/application (15.4ms)
Completed 200 OK in 97ms (Views: 95.8ms | ActiveRecord: 0.0ms)


Started GET "/cats/new" for ::1 at 2020-04-24 16:42:43 -0400
Processing by CatsController#new as HTML
  Rendering cats/new.html.erb within layouts/application
  Rendered cats/_form.html.erb (3.0ms)
  Rendered cats/new.html.erb within layouts/application (14.8ms)
Completed 200 OK in 94ms (Views: 93.4ms | ActiveRecord: 0.0ms)


Started GET "/cats/new" for 127.0.0.1 at 2020-04-24 16:42:52 -0400
Processing by CatsController#new as HTML
  Rendering cats/new.html.erb within layouts/application
  Rendered cats/_form.html.erb (2.5ms)
  Rendered cats/new.html.erb within layouts/application (12.0ms)
Completed 200 OK in 94ms (Views: 93.0ms | ActiveRecord: 0.0ms)


Started GET "/cats/new" for 127.0.0.1 at 2020-04-24 16:42:53 -0400
Processing by CatsController#new as HTML
  Rendering cats/new.html.erb within layouts/application
  Rendered cats/_form.html.erb (3.4ms)
  Rendered cats/new.html.erb within layouts/application (15.0ms)
Completed 200 OK in 129ms (Views: 128.7ms | ActiveRecord: 0.0ms)


Started GET "/cats/new" for 127.0.0.1 at 2020-04-24 16:42:54 -0400
Processing by CatsController#new as HTML
  Rendering cats/new.html.erb within layouts/application
  Rendered cats/_form.html.erb (3.1ms)
  Rendered cats/new.html.erb within layouts/application (21.6ms)
Completed 200 OK in 80ms (Views: 78.3ms | ActiveRecord: 0.0ms)


Started GET "/cats/new" for ::1 at 2020-04-24 16:46:38 -0400
Processing by CatsController#new as HTML
  Rendering cats/new.html.erb within layouts/application
  Rendered cats/_form.html.erb (2.2ms)
  Rendered cats/new.html.erb within layouts/application (25.6ms)
Completed 200 OK in 145ms (Views: 144.5ms | ActiveRecord: 0.0ms)


  [1m[35m (0.2ms)[0m  [1m[34mSELECT pg_try_advisory_lock(5809936294523960340)[0m
  ↳ bin/rails:9
  [1m[35m (1.1ms)[0m  [1m[34mSELECT "schema_migrations"."version" FROM "schema_migrations" ORDER BY "schema_migrations"."version" ASC[0m
  ↳ bin/rails:9
Migrating to CreateRentalRequest (20200424204927)
  [1m[35m (0.2ms)[0m  [1m[35mBEGIN[0m
  ↳ bin/rails:9
  [1m[35m (37.0ms)[0m  [1m[35mCREATE TABLE "cat_rental_requests" ("id" bigserial primary key, "cat_id" integer NOT NULL, "start_date" date NOT NULL, "end_date" date NOT NULL, "status" character varying DEFAULT 'PENDING', "created_at" timestamp NOT NULL, "updated_at" timestamp NOT NULL)[0m
  ↳ db/migrate/20200424204927_create_rental_request.rb:3
  [1m[35m (7.5ms)[0m  [1m[35mCREATE  INDEX  "index_cat_rental_requests_on_cat_id" ON "cat_rental_requests"  ("cat_id")[0m
  ↳ db/migrate/20200424204927_create_rental_request.rb:11
  [1m[36mActiveRecord::SchemaMigration Create (6.3ms)[0m  [1m[32mINSERT INTO "schema_migrations" ("version") VALUES ($1) RETURNING "version"[0m  [["version", "20200424204927"]]
  ↳ bin/rails:9
  [1m[35m (11.8ms)[0m  [1m[35mCOMMIT[0m
  ↳ bin/rails:9
  [1m[36mActiveRecord::InternalMetadata Load (0.6ms)[0m  [1m[34mSELECT  "ar_internal_metadata".* FROM "ar_internal_metadata" WHERE "ar_internal_metadata"."key" = $1 LIMIT $2[0m  [["key", "environment"], ["LIMIT", 1]]
  ↳ bin/rails:9
  [1m[35m (0.2ms)[0m  [1m[35mBEGIN[0m
  ↳ bin/rails:9
  [1m[35m (0.2ms)[0m  [1m[35mCOMMIT[0m
  ↳ bin/rails:9
  [1m[35m (0.3ms)[0m  [1m[34mSELECT pg_advisory_unlock(5809936294523960340)[0m
  ↳ bin/rails:9
  [1m[35m (0.5ms)[0m  [1m[34mSELECT "schema_migrations"."version" FROM "schema_migrations" ORDER BY "schema_migrations"."version" ASC[0m
  ↳ bin/rails:9
  [1m[35m (1.1ms)[0m  [1m[34mSELECT "schema_migrations"."version" FROM "schema_migrations" ORDER BY "schema_migrations"."version" ASC[0m
  ↳ bin/rails:9
